<?xml version="1.0" encoding="UTF-8"?>
<!-- Generated by org.testng.reporters.JUnitReportReporter -->
<testsuite skipped="0" hostname="EG5CG6331B8C" name="tst.CrossBrowsers2" tests="3" failures="0" timestamp="03 Apr 2019 22:22:31 GMT" time="54.273" errors="0">
  <testcase name="ChromeGoogleSearch" time="3.686" classname="tst.CrossBrowsers2"/>
  <testcase name="IEGoogleSearch" time="50.054" classname="tst.CrossBrowsers2"/>
  <testcase name="FireFoxGoogleSearch" time="0.533" classname="tst.CrossBrowsers2"/>
</testsuite> <!-- tst.CrossBrowsers2 -->
