<?xml version="1.0" encoding="UTF-8"?>
<!-- Generated by org.testng.reporters.JUnitReportReporter -->
<testsuite skipped="0" hostname="EG5CG6331B8C" name="tst.Class1" tests="2" failures="0" timestamp="21 Mar 2019 06:39:01 GMT" time="5.850" errors="0">
  <testcase name="VerfiyPageTitle" time="0.142" classname="tst.Class1"/>
  <testcase name="search" time="5.708" classname="tst.Class1"/>
</testsuite> <!-- tst.Class1 -->
